<?xml version="1.0" encoding="UTF-8"?>
<!-- Generated by org.testng.reporters.JUnitReportReporter -->
<testsuite hostname="Diksha" failures="0" tests="2" name="Tests.Test1" time="12.790" errors="0" timestamp="28 Aug 2024 11:01:30 GMT" skipped="0">
  <testcase classname="Tests.Test1" name="submitOrder" time="6.287"/>
  <testcase classname="Tests.Test1" name="submitOrder" time="6.503"/>
</testsuite> <!-- Tests.Test1 -->
